<?xml version="1.0" encoding="UTF-8"?>
<!-- Generated by org.testng.reporters.JUnitReportReporter -->
<testsuite skipped="0" hostname="CHNMCT133232L" name="com.suf.wsr.daily_report.DailyReportApplicationTest" tests="1" failures="0" timestamp="11 Jan 2018 06:24:21 GMT" time="9.016" errors="0">
  <testcase name="getTicketsTest" time="9.016" classname="com.suf.wsr.daily_report.DailyReportApplicationTest"/>
</testsuite> <!-- com.suf.wsr.daily_report.DailyReportApplicationTest -->
