<?xml version="1.0" encoding="UTF-8"?>
<!-- Generated by org.testng.reporters.JUnitReportReporter -->
<testsuite skipped="0" hostname="CHNMCT133232L" name="com.suf.wsr.daily_report.DailyReportApplicationTest" tests="2" failures="0" timestamp="21 Feb 2018 06:00:29 GMT" time="18.393" errors="0">
  <testcase name="getTicketsTest" time="14.817" classname="com.suf.wsr.daily_report.DailyReportApplicationTest"/>
  <testcase name="insertTest" time="3.576" classname="com.suf.wsr.daily_report.DailyReportApplicationTest"/>
</testsuite> <!-- com.suf.wsr.daily_report.DailyReportApplicationTest -->
